c:\tiny\tm\tm\debug\tm.obj
c:\tiny\tm\tm\debug\vc100.pdb
c:\tiny\tm\debug\tm.ilk
c:\tiny\tm\debug\tm.exe
c:\tiny\tm\tm\debug\tm.exe.intermediate.manifest
c:\tiny\tm\debug\tm.pdb
c:\tiny\tm\tm\debug\tm.exe.embed.manifest
c:\tiny\tm\tm\debug\tm.exe.embed.manifest.res
d:\code\visual studio\visual studio 2015\projects\tiny\tm\tm\debug\vc140.pdb
d:\code\visual studio\visual studio 2015\projects\tiny\tm\tm\debug\vc140.idb
d:\code\visual studio\visual studio 2015\projects\tiny\tm\tm\debug\tm.obj
d:\code\visual studio\visual studio 2015\projects\tiny\tm\debug\tm.ilk
d:\code\visual studio\visual studio 2015\projects\tiny\tm\debug\tm.exe
d:\code\visual studio\visual studio 2015\projects\tiny\tm\debug\tm.pdb
d:\code\visual studio\visual studio 2015\projects\tiny\tm\tm\debug\tm.vcxprojresolveassemblyreference.cache
d:\code\visual studio\visual studio 2015\projects\tiny\tm\tm\debug\cl.command.1.tlog
d:\code\visual studio\visual studio 2015\projects\tiny\tm\tm\debug\cl.read.1.tlog
d:\code\visual studio\visual studio 2015\projects\tiny\tm\tm\debug\cl.write.1.tlog
d:\code\visual studio\visual studio 2015\projects\tiny\tm\tm\debug\link-cvtres.read.1.tlog
d:\code\visual studio\visual studio 2015\projects\tiny\tm\tm\debug\link-cvtres.write.1.tlog
d:\code\visual studio\visual studio 2015\projects\tiny\tm\tm\debug\link.7344-cvtres.read.1.tlog
d:\code\visual studio\visual studio 2015\projects\tiny\tm\tm\debug\link.7344-cvtres.write.1.tlog
d:\code\visual studio\visual studio 2015\projects\tiny\tm\tm\debug\link.7344.read.1.tlog
d:\code\visual studio\visual studio 2015\projects\tiny\tm\tm\debug\link.7344.write.1.tlog
d:\code\visual studio\visual studio 2015\projects\tiny\tm\tm\debug\link.command.1.tlog
d:\code\visual studio\visual studio 2015\projects\tiny\tm\tm\debug\link.read.1.tlog
d:\code\visual studio\visual studio 2015\projects\tiny\tm\tm\debug\link.write.1.tlog
d:\code\visual studio\visual studio 2015\projects\tiny\tm\tm\debug\mt.command.1.tlog
d:\code\visual studio\visual studio 2015\projects\tiny\tm\tm\debug\mt.read.1.tlog
d:\code\visual studio\visual studio 2015\projects\tiny\tm\tm\debug\mt.write.1.tlog
d:\code\visual studio\visual studio 2015\projects\tiny\tm\tm\debug\rc.command.1.tlog
d:\code\visual studio\visual studio 2015\projects\tiny\tm\tm\debug\rc.read.1.tlog
d:\code\visual studio\visual studio 2015\projects\tiny\tm\tm\debug\rc.write.1.tlog
d:\code\visual studio\visual studio 2015\projects\tiny\tm\tm\debug\tm.write.1.tlog
d:\code\visual studio\visual studio 2015\projects\tiny\tm\tm\debug\tm.exe.embed.manifest
d:\code\visual studio\visual studio 2015\projects\tiny\tm\tm\debug\tm.exe.intermediate.manifest
d:\code\visual studio\visual studio 2015\projects\tiny\tm\tm\debug\tm.exe.embed.manifest.res
d:\code\visual studio\visual studio 2015\projects\tiny\tm\tm\debug\vc100.idb
d:\code\visual studio\visual studio 2015\projects\tiny\tm\tm\debug\vc100.pdb
d:\code\visual studio\visual studio 2015\projects\tiny\tm\tm\debug\tm_manifest.rc
d:\code\visual studio\visual studio 2015\projects\tiny\tm\tm\debug\tm.tlog\cl.command.1.tlog
d:\code\visual studio\visual studio 2015\projects\tiny\tm\tm\debug\tm.tlog\cl.read.1.tlog
d:\code\visual studio\visual studio 2015\projects\tiny\tm\tm\debug\tm.tlog\cl.write.1.tlog
d:\code\visual studio\visual studio 2015\projects\tiny\tm\tm\debug\tm.tlog\link.command.1.tlog
d:\code\visual studio\visual studio 2015\projects\tiny\tm\tm\debug\tm.tlog\link.read.1.tlog
d:\code\visual studio\visual studio 2015\projects\tiny\tm\tm\debug\tm.tlog\link.write.1.tlog
