生成启动时间为 2015/9/6 22:50:51。
     1>项目“C:\TINY\tiny\tiny\tiny.vcxproj”在节点 2 上(build 个目标)。
     1>InitializeBuildStatus:
         正在对“Release\tiny.unsuccessfulbuild”执行 Touch 任务。
       ClCompile:
         c:\Program Files (x86)\Microsoft Visual Studio 10.0\VC\bin\CL.exe /c /Zi /nologo /W3 /WX- /O2 /Oi /Oy- /GL /D WIN32 /D NDEBUG /D _CONSOLE /D _UNICODE /D UNICODE /Gm- /EHsc /MD /GS /Gy /fp:precise /Zc:wchar_t /Zc:forScope /Fo"Release\\" /Fd"Release\vc100.pdb" /Gd /TC /analyze- /errorReport:prompt ..\..\ANALYZE.C ..\..\CGEN.C ..\..\CODE.C ..\..\MAIN.C ..\..\PARSE.C ..\..\SCAN.C ..\..\SYMTAB.C ..\..\UTIL.C
         ANALYZE.C
         CGEN.C
     1>..\..\CGEN.C(198): warning C4996: 'strcpy': This function or variable may be unsafe. Consider using strcpy_s instead. To disable deprecation, use _CRT_SECURE_NO_WARNINGS. See online help for details.
     1>..\..\CGEN.C(199): warning C4996: 'strcat': This function or variable may be unsafe. Consider using strcat_s instead. To disable deprecation, use _CRT_SECURE_NO_WARNINGS. See online help for details.
         CODE.C
         MAIN.C
     1>..\..\MAIN.C(55): warning C4996: 'strcpy': This function or variable may be unsafe. Consider using strcpy_s instead. To disable deprecation, use _CRT_SECURE_NO_WARNINGS. See online help for details.
     1>..\..\MAIN.C(57): warning C4996: 'strcat': This function or variable may be unsafe. Consider using strcat_s instead. To disable deprecation, use _CRT_SECURE_NO_WARNINGS. See online help for details.
     1>..\..\MAIN.C(58): warning C4996: 'fopen': This function or variable may be unsafe. Consider using fopen_s instead. To disable deprecation, use _CRT_SECURE_NO_WARNINGS. See online help for details.
                 c:\Program Files (x86)\Microsoft Visual Studio 10.0\VC\include\stdio.h(234) : 参见“fopen”的声明
     1>..\..\MAIN.C(86): warning C4996: 'strncpy': This function or variable may be unsafe. Consider using strncpy_s instead. To disable deprecation, use _CRT_SECURE_NO_WARNINGS. See online help for details.
                 c:\Program Files (x86)\Microsoft Visual Studio 10.0\VC\include\string.h(188) : 参见“strncpy”的声明
     1>..\..\MAIN.C(87): warning C4996: 'strcat': This function or variable may be unsafe. Consider using strcat_s instead. To disable deprecation, use _CRT_SECURE_NO_WARNINGS. See online help for details.
     1>..\..\MAIN.C(88): warning C4996: 'fopen': This function or variable may be unsafe. Consider using fopen_s instead. To disable deprecation, use _CRT_SECURE_NO_WARNINGS. See online help for details.
                 c:\Program Files (x86)\Microsoft Visual Studio 10.0\VC\include\stdio.h(234) : 参见“fopen”的声明
         PARSE.C
     1>..\..\PARSE.C(23): warning C4391: “TreeNode *exp(void)”: 不正确的内部函数返回类型，应为“double”
     1>..\..\PARSE.C(23): warning C4392: “TreeNode *exp(void)”: 不正确的内部函数参数个数，应为“1”个参数
     1>..\..\PARSE.C(81): error C2168: “exp”: 内部函数的实参太少
     1>..\..\PARSE.C(97): error C2168: “exp”: 内部函数的实参太少
     1>..\..\PARSE.C(107): error C2168: “exp”: 内部函数的实参太少
     1>..\..\PARSE.C(123): error C2168: “exp”: 内部函数的实参太少
     1>..\..\PARSE.C(128): warning C4392: “TreeNode *exp(void)”: 不正确的内部函数参数个数，应为“1”个参数
     1>..\..\PARSE.C(128): error C2169: “exp”: 内部函数，不能定义
     1>..\..\PARSE.C(190): error C2168: “exp”: 内部函数的实参太少
         SCAN.C
         SYMTAB.C
         UTIL.C
     1>..\..\UTIL.C(104): warning C4996: 'strcpy': This function or variable may be unsafe. Consider using strcpy_s instead. To disable deprecation, use _CRT_SECURE_NO_WARNINGS. See online help for details.
     1>已完成生成项目“C:\TINY\tiny\tiny\tiny.vcxproj”(build 个目标)的操作 - 失败。

生成失败。

已用时间 00:00:00.47
